#0(I)[2023-07-29 12:27:01,894]{00000FBC}<NvContainer>      Container main v1.37
#1(I)[2023-07-29 12:27:01,894]{00000FBC}<NvContainer>      Telemetry API initialized
#2(I)[2023-07-29 12:27:01,894]{00000FBC}<NvcHost>          Base host initialized successfully
#3(I)[2023-07-29 12:27:01,894]{00000FBC}<NvcRegistryStora> Successfully initialized RegistryStorage
#4(I)[2023-07-29 12:27:01,894]{00000FBC}<NvcHostWin32>     Dynamic loading of plugins is enabled
#5(I)[2023-07-29 12:27:01,894]{00000FBC}<NvcHostWin32>     Dynamic unloading of plugins is enabled
#6(I)[2023-07-29 12:27:01,894]{00000FBC}<NvcHostWin32>     Win32 host initialized successfully
#7(I)[2023-07-29 12:27:01,894]{00000FF4}<NvcServiceHost>   Service host: 'Start-pending' status reported. Exit code 0
#8(I)[2023-07-29 12:27:01,894]{00000FBC}<NvcServiceHost>   Service host: wait completed with 0
#9(I)[2023-07-29 12:27:01,894]{00000FBC}<NvcServiceHost>   Created new DACL with added privileges 0x00100000
#0(I)[2023-07-29 12:27:01,894]{00000FBC}<NvcServiceHost>   Successfully adjusted DACL for process 4024
#1(I)[2023-07-29 12:27:01,894]{00000FBC}<NvcHost>          Load plugins from C:\Windows\System32\DriverStore\FileRepository\nvhm.inf_amd64_4a2f8a62d5686839\Display.NvContainer\plugins\LocalSystem
#2(I)[2023-07-29 12:27:01,894]{00000FBC}<NvcPluginManager> Loading C:\Windows\System32\DriverStore\FileRepository\nvhm.inf_amd64_4a2f8a62d5686839\Display.NvContainer\plugins\LocalSystem/NvcDispCorePlugin.dll
#3(W)[2023-07-29 12:27:01,894]{00000FBC}<NvcJsonFileStora> Failed to load JSON from C:\Windows\System32\DriverStore\FileRepository\nvhm.inf_amd64_4a2f8a62d5686839\Display.NvContainer\plugins\LocalSystem/NvcDispCorePlugin.json
#4(I)[2023-07-29 12:27:01,909]{00000FBC}<NvcRegistryStora> Successfully initialized RegistryStorage
#5(I)[2023-07-29 12:27:01,926]{00000FBC}<NvcPluginLoadHel> Secure loading C:\Windows\System32\DriverStore\FileRepository\nvhm.inf_amd64_4a2f8a62d5686839\Display.NvContainer\plugins\LocalSystem/NvcDispCorePlugin.dll - 30.0.15.1278 at 00007FFA29C20000 took 16857 microseconds
#6(I)[2023-07-29 12:27:01,926]{00000FBC}<NvcPluginManager> Loaded C:\Windows\System32\DriverStore\FileRepository\nvhm.inf_amd64_4a2f8a62d5686839\Display.NvContainer\plugins\LocalSystem/NvcDispCorePlugin.dll
#7(I)[2023-07-29 12:27:01,926]{00000FBC}<NvcPluginManager> Loaded mandatory plugin NvcDispCorePlugin, version 1
#8(I)[2023-07-29 12:27:01,926]{00000FBC}<NvcPluginManager> Loading C:\Windows\System32\DriverStore\FileRepository\nvhm.inf_amd64_4a2f8a62d5686839\Display.NvContainer\plugins\LocalSystem/NvcDispWatchdog.dll
#9(W)[2023-07-29 12:27:01,926]{00000FBC}<NvcJsonFileStora> Failed to load JSON from C:\Windows\System32\DriverStore\FileRepository\nvhm.inf_amd64_4a2f8a62d5686839\Display.NvContainer\plugins\LocalSystem/NvcDispWatchdog.json
#0(I)[2023-07-29 12:27:01,926]{00000FBC}<NvcRegistryStora> Successfully initialized RegistryStorage
#1(I)[2023-07-29 12:27:01,941]{00000FBC}<NvcPluginLoadHel> Secure loading C:\Windows\System32\DriverStore\FileRepository\nvhm.inf_amd64_4a2f8a62d5686839\Display.NvContainer\plugins\LocalSystem/NvcDispWatchdog.dll - 1.37.3103.4323 at 00007FFA29A70000 took 14517 microseconds
#2(I)[2023-07-29 12:27:01,941]{00000FBC}<NvcPluginManager> Loaded C:\Windows\System32\DriverStore\FileRepository\nvhm.inf_amd64_4a2f8a62d5686839\Display.NvContainer\plugins\LocalSystem/NvcDispWatchdog.dll
#3(I)[2023-07-29 12:27:01,941]{00000FBC}<NvcPluginManager> Loaded mandatory plugin NvPluginWatchdog, version 1
#4(I)[2023-07-29 12:27:01,941]{00000FBC}<NvcPluginManager> Loading C:\Windows\System32\DriverStore\FileRepository\nvhm.inf_amd64_4a2f8a62d5686839\Display.NvContainer\plugins\LocalSystem/NvXDCore.dll
#5(W)[2023-07-29 12:27:01,941]{00000FBC}<NvcJsonFileStora> Failed to load JSON from C:\Windows\System32\DriverStore\FileRepository\nvhm.inf_amd64_4a2f8a62d5686839\Display.NvContainer\plugins\LocalSystem/NvXDCore.json
#6(I)[2023-07-29 12:27:01,941]{00000FBC}<NvcRegistryStora> Successfully initialized RegistryStorage
#7(I)[2023-07-29 12:27:01,956]{00000FBC}<NvcPluginLoadHel> Secure loading C:\Windows\System32\DriverStore\FileRepository\nvhm.inf_amd64_4a2f8a62d5686839\Display.NvContainer\plugins\LocalSystem/NvXDCore.dll - 30.0.15.1278 at 00007FFA29750000 took 15639 microseconds
#8(I)[2023-07-29 12:27:01,956]{00000FBC}<NvcPluginManager> Loaded C:\Windows\System32\DriverStore\FileRepository\nvhm.inf_amd64_4a2f8a62d5686839\Display.NvContainer\plugins\LocalSystem/NvXDCore.dll
#9(I)[2023-07-29 12:27:01,956]{00000FBC}<NvcPluginManager> Loaded mandatory plugin NvXDCore, version 1
#0(I)[2023-07-29 12:27:01,956]{00000FBC}<NvcPluginManager> Loading C:\Windows\System32\DriverStore\FileRepository\nvhm.inf_amd64_4a2f8a62d5686839\Display.NvContainer\plugins\LocalSystem/wksServicePluginZ.dll
#1(W)[2023-07-29 12:27:01,956]{00000FBC}<NvcJsonFileStora> Failed to load JSON from C:\Windows\System32\DriverStore\FileRepository\nvhm.inf_amd64_4a2f8a62d5686839\Display.NvContainer\plugins\LocalSystem/wksServicePluginZ.json
#2(I)[2023-07-29 12:27:01,956]{00000FBC}<NvcRegistryStora> Successfully initialized RegistryStorage
#3(I)[2023-07-29 12:27:01,972]{00000FBC}<NvcPluginLoadHel> Secure loading C:\Windows\System32\DriverStore\FileRepository\nvhm.inf_amd64_4a2f8a62d5686839\Display.NvContainer\plugins\LocalSystem/wksServicePluginZ.dll - 30.0.15.1278 at 00007FFA295E0000 took 16054 microseconds
#4(I)[2023-07-29 12:27:01,972]{00000FBC}<NvcPluginManager> Loaded C:\Windows\System32\DriverStore\FileRepository\nvhm.inf_amd64_4a2f8a62d5686839\Display.NvContainer\plugins\LocalSystem/wksServicePluginZ.dll
#5(I)[2023-07-29 12:27:01,972]{00000FBC}<NvcPluginManager> Loaded mandatory plugin NvWksServicePlugin, version 1
#6(I)[2023-07-29 12:27:01,972]{00000FBC}<NvcPluginManager> Loading C:\Windows\System32\DriverStore\FileRepository\nvhm.inf_amd64_4a2f8a62d5686839\Display.NvContainer\plugins\LocalSystem/_DisplayDriverRAS.dll
#7(W)[2023-07-29 12:27:01,972]{00000FBC}<NvcJsonFileStora> Failed to load JSON from C:\Windows\System32\DriverStore\FileRepository\nvhm.inf_amd64_4a2f8a62d5686839\Display.NvContainer\plugins\LocalSystem/_DisplayDriverRAS.json
#8(I)[2023-07-29 12:27:01,972]{00000FBC}<NvcRegistryStora> Successfully initialized RegistryStorage
#9(I)[2023-07-29 12:27:01,988]{00000FBC}<NvcPluginLoadHel> Secure loading C:\Windows\System32\DriverStore\FileRepository\nvhm.inf_amd64_4a2f8a62d5686839\Display.NvContainer\plugins\LocalSystem/_DisplayDriverRAS.dll - 1.10.0.0 at 00007FFA29290000 took 15634 microseconds
#0(I)[2023-07-29 12:27:01,988]{00000FBC}<NvcPluginManager> Loaded C:\Windows\System32\DriverStore\FileRepository\nvhm.inf_amd64_4a2f8a62d5686839\Display.NvContainer\plugins\LocalSystem/_DisplayDriverRAS.dll
#1(I)[2023-07-29 12:27:01,988]{00000FBC}<NvcPluginManager> Loaded optional plugin NvTelemetryEventAnalyzer_DeviceDriver_Plugin, version 1
#2(I)[2023-07-29 12:27:01,988]{00000FBC}<NvcPluginManager> Loading C:\Windows\System32\DriverStore\FileRepository\nvhm.inf_amd64_4a2f8a62d5686839\Display.NvContainer\plugins\LocalSystem/_NvMsgBusBroadcast.dll
#3(W)[2023-07-29 12:27:01,988]{00000FBC}<NvcJsonFileStora> Failed to load JSON from C:\Windows\System32\DriverStore\FileRepository\nvhm.inf_amd64_4a2f8a62d5686839\Display.NvContainer\plugins\LocalSystem/_NvMsgBusBroadcast.json
#4(I)[2023-07-29 12:27:01,988]{00000FBC}<NvcRegistryStora> Successfully initialized RegistryStorage
#5(I)[2023-07-29 12:27:02,004]{00000FBC}<NvcPluginLoadHel> Secure loading C:\Windows\System32\DriverStore\FileRepository\nvhm.inf_amd64_4a2f8a62d5686839\Display.NvContainer\plugins\LocalSystem/_NvMsgBusBroadcast.dll - 1.37.3103.4323 at 00007FFA28F70000 took 15627 microseconds
#6(I)[2023-07-29 12:27:02,004]{00000FBC}<NvcPluginManager> Loaded C:\Windows\System32\DriverStore\FileRepository\nvhm.inf_amd64_4a2f8a62d5686839\Display.NvContainer\plugins\LocalSystem/_NvMsgBusBroadcast.dll
#7(I)[2023-07-29 12:27:02,004]{00000FBC}<NvcPluginManager> Loaded optional plugin NvMessageBusBroadcast, version 1
#8(I)[2023-07-29 12:27:02,004]{00000FBC}<NvcHost>          Creating directory listener to represent current folder state
#9(I)[2023-07-29 12:27:02,004]{00000FBC}<DirectoryListene> Adding directory C:\Windows\System32\DriverStore\FileRepository\nvhm.inf_amd64_4a2f8a62d5686839\Display.NvContainer\plugins\LocalSystem.
#0(I)[2023-07-29 12:27:02,004]{00000FBC}<NvcHost>          Successfully updated directory change listener
#1(I)[2023-07-29 12:27:02,004]{00000FBC}<NvcHost>          Container is initializing
#2(I)[2023-07-29 12:27:02,004]{00000FBC}<NvcPluginManager> Initiate transition to Initializing state for NvcDispCorePlugin
#3(I)[2023-07-29 12:27:02,004]{00000FBC}<NvcPluginManager> Transition to Initialized state for NvcDispCorePlugin completed
#4(I)[2023-07-29 12:27:02,004]{00000FBC}<NvcPluginManager> Initiate transition to Initializing state for NvPluginWatchdog
#5(I)[2023-07-29 12:27:02,019]{00000FBC}<NvcPluginManager> Transition to Initialized state for NvPluginWatchdog completed
#6(I)[2023-07-29 12:27:02,019]{00000FBC}<NvcPluginManager> Initiate transition to Initializing state for NvXDCore
#7(I)[2023-07-29 12:27:02,019]{00000FBC}<NvcPluginManager> Transition to Initialized state for NvXDCore completed
#8(I)[2023-07-29 12:27:02,019]{00000FBC}<NvcPluginManager> Initiate transition to Initializing state for NvWksServicePlugin
#9(I)[2023-07-29 12:27:02,035]{00000FBC}<NvcPluginManager> Transition to Initialized state for NvWksServicePlugin completed
#0(I)[2023-07-29 12:27:02,035]{00000FBC}<NvcPluginManager> Initiate transition to Initializing state for NvTelemetryEventAnalyzer_DeviceDriver_Plugin
#1(I)[2023-07-29 12:27:02,035]{00000FBC}<NvcPluginManager> Transition to Initialized state for NvTelemetryEventAnalyzer_DeviceDriver_Plugin completed
#2(I)[2023-07-29 12:27:02,035]{00000FBC}<NvcPluginManager> Initiate transition to Initializing state for NvMessageBusBroadcast
#3(I)[2023-07-29 12:27:02,035]{00000FBC}<NvcPluginManager> Transition to Initialized state for NvMessageBusBroadcast completed
#4(I)[2023-07-29 12:27:02,035]{00000FBC}<NvcHost>          Container is initialized with 1. State: normal
#5(I)[2023-07-29 12:27:02,035]{00000FBC}<NvcServiceHost>   Service host: 'Running' status reported. Exit code 0
#6(I)[2023-07-29 12:27:02,035]{00000FBC}<NvcHost>          Container is starting
#7(I)[2023-07-29 12:27:02,035]{00000FBC}<NvcPluginManager> Initiate transition to Starting state for NvcDispCorePlugin
#8(I)[2023-07-29 12:27:02,035]{00000FBC}<NvcPluginManager> Notification 3 / 0000000000000000 from NvcDispCorePlugin
#9(I)[2023-07-29 12:27:02,035]{00000FBC}<NvcPluginManager> Notification: plugin NvcDispCorePlugin is done
#0(I)[2023-07-29 12:27:02,035]{00000FBC}<NvcPluginManager> NvcPluginLoadStats for 'NvcDispCorePlugin' => LibraryLoadTime = 16857 us, ImageLoadTime = 0 us, AbsLibraryLoadTime = 16857, InitializeProcTime = 0 us, InitializeTimeTotal = 0 us, StartProcTime = 0 us, StartTimeTotal = 0 us. 
#1(I)[2023-07-29 12:27:02,035]{00000FBC}<NvcTelemetryHelp> NvcPluginLoadStats for NvcDispCorePlugin returned 1
#2(I)[2023-07-29 12:27:02,035]{00000FBC}<NvcPluginManager> Transition to Started state for NvcDispCorePlugin completed
#3(I)[2023-07-29 12:27:02,035]{00000FBC}<NvcPluginManager> Transition to Started state for NvcDispCorePlugin completed
#4(I)[2023-07-29 12:27:02,035]{00000FBC}<NvcPluginManager> Initiate transition to Starting state for NvPluginWatchdog
#5(I)[2023-07-29 12:27:02,035]{00000FBC}<NvcPluginManager> NvcPluginLoadStats for 'NvPluginWatchdog' => LibraryLoadTime = 14517 us, ImageLoadTime = 0 us, AbsLibraryLoadTime = 14517, InitializeProcTime = 15627 us, InitializeTimeTotal = 15627 us, StartProcTime = 0 us, StartTimeTotal = 0 us. 
#6(I)[2023-07-29 12:27:02,035]{00000FBC}<NvcTelemetryHelp> NvcPluginLoadStats for NvPluginWatchdog returned 1
#7(I)[2023-07-29 12:27:02,035]{00000FBC}<NvcPluginManager> Transition to Started state for NvPluginWatchdog completed
#8(I)[2023-07-29 12:27:02,035]{00000FBC}<NvcPluginManager> Initiate transition to Starting state for NvXDCore
#9(I)[2023-07-29 12:27:02,035]{00000FBC}<NvcPluginManager> NvcPluginLoadStats for 'NvXDCore' => LibraryLoadTime = 15639 us, ImageLoadTime = 0 us, AbsLibraryLoadTime = 15639, InitializeProcTime = 0 us, InitializeTimeTotal = 0 us, StartProcTime = 0 us, StartTimeTotal = 0 us. 
#0(I)[2023-07-29 12:27:02,035]{00000FBC}<NvcTelemetryHelp> NvcPluginLoadStats for NvXDCore returned 1
#1(I)[2023-07-29 12:27:02,035]{00000FBC}<NvcPluginManager> Transition to Started state for NvXDCore completed
#2(I)[2023-07-29 12:27:02,035]{00000FBC}<NvcPluginManager> Initiate transition to Starting state for NvWksServicePlugin
#3(I)[2023-07-29 12:27:02,035]{00000FBC}<NvcPluginManager> NvcPluginLoadStats for 'NvWksServicePlugin' => LibraryLoadTime = 16054 us, ImageLoadTime = 0 us, AbsLibraryLoadTime = 16054, InitializeProcTime = 15623 us, InitializeTimeTotal = 15623 us, StartProcTime = 0 us, StartTimeTotal = 0 us. 
#4(I)[2023-07-29 12:27:02,035]{00000FBC}<NvcTelemetryHelp> NvcPluginLoadStats for NvWksServicePlugin returned 1
#5(I)[2023-07-29 12:27:02,035]{00000FBC}<NvcPluginManager> Transition to Started state for NvWksServicePlugin completed
#6(I)[2023-07-29 12:27:02,035]{00000FBC}<NvcPluginManager> Initiate transition to Starting state for NvTelemetryEventAnalyzer_DeviceDriver_Plugin
#7(I)[2023-07-29 12:27:02,035]{00000FBC}<NvcPluginManager> NvcPluginLoadStats for 'NvTelemetryEventAnalyzer_DeviceDriver_Plugin' => LibraryLoadTime = 15634 us, ImageLoadTime = 0 us, AbsLibraryLoadTime = 15634, InitializeProcTime = 0 us, InitializeTimeTotal = 0 us, StartProcTime = 0 us, StartTimeTotal = 0 us. 
#8(I)[2023-07-29 12:27:02,035]{00000FBC}<NvcTelemetryHelp> NvcPluginLoadStats for NvTelemetryEventAnalyzer_DeviceDriver_Plugin returned 1
#9(I)[2023-07-29 12:27:02,035]{00000FBC}<NvcPluginManager> Transition to Started state for NvTelemetryEventAnalyzer_DeviceDriver_Plugin completed
#0(I)[2023-07-29 12:27:02,035]{00000FBC}<NvcPluginManager> Initiate transition to Starting state for NvMessageBusBroadcast
#1(I)[2023-07-29 12:27:02,035]{00000FBC}<NvcPluginManager> NvcPluginLoadStats for 'NvMessageBusBroadcast' => LibraryLoadTime = 15627 us, ImageLoadTime = 0 us, AbsLibraryLoadTime = 15627, InitializeProcTime = 0 us, InitializeTimeTotal = 0 us, StartProcTime = 0 us, StartTimeTotal = 0 us. 
#2(I)[2023-07-29 12:27:02,035]{00000FBC}<NvcTelemetryHelp> NvcPluginLoadStats for NvMessageBusBroadcast returned 1
#3(I)[2023-07-29 12:27:02,035]{00000FBC}<NvcPluginManager> Transition to Started state for NvMessageBusBroadcast completed
#4(I)[2023-07-29 12:27:02,035]{00000FBC}<NvcHost>          Mandatory plugin NvcDispCorePlugin is in state Started. Unload it
#5(I)[2023-07-29 12:27:02,035]{00000FBC}<NvcHost>          Container is going to unload plugin NvcDispCorePlugin. State: normal
#6(I)[2023-07-29 12:27:02,035]{00000FBC}<NvcPluginManager> Initiate transition to Stopping state for NvcDispCorePlugin
#7(I)[2023-07-29 12:27:02,035]{00000FBC}<NvcPluginManager> Transition to Stopped state for NvcDispCorePlugin completed
#8(I)[2023-07-29 12:27:02,035]{00000FBC}<NvcHost>          Container has stopped plugin NvcDispCorePlugin. State: normal
#9(I)[2023-07-29 12:27:02,035]{00000FBC}<NvcPluginManager> Initiate transition to Uninitializing state for NvcDispCorePlugin
#0(I)[2023-07-29 12:27:02,035]{00000FBC}<NvcPluginManager> Transition to Uninitialized state for NvcDispCorePlugin completed
#1(I)[2023-07-29 12:27:02,035]{00000FBC}<NvcHost>          Container has uninitialized plugin NvcDispCorePlugin. State: normal
#2(I)[2023-07-29 12:27:02,035]{00000FBC}<NvcPluginManager> Unload plugin 'NvcDispCorePlugin' - C:\Windows\System32\DriverStore\FileRepository\nvhm.inf_amd64_4a2f8a62d5686839\Display.NvContainer\plugins\LocalSystem/NvcDispCorePlugin.dll
#3(I)[2023-07-29 12:27:02,035]{00000FBC}<NvcPluginManager> Unloaded plugin 'NvcDispCorePlugin'
#4(I)[2023-07-29 12:27:02,035]{00000FBC}<NvcHost>          Container is started with 1. State: normal
#5(I)[2023-07-29 12:27:02,035]{00000FBC}<NvcTelemetryHelp> NvcLoadStats => LibraryLoadTime = 109955 us, InitializeTime = 31250 us, StartTime = 0 us, TotalLoadTime = 143272 us
#6(I)[2023-07-29 12:27:02,035]{00000FBC}<NvcTelemetryHelp> NvcLoadStats returned 1
